<?xml version="1.0" encoding="UTF-8"?>
<!-- Generated by org.testng.reporters.JUnitXMLReporter -->
<testsuite hostname="Aspire1698" ignored="0" name="Balfour-test" tests="10" failures="0" timestamp="13 Nov 2017 07:41:55 GMT" time="1169.604" errors="0">
  <testcase name="TC_Graduation_OrderPlacement" time="374.48" classname="com.Balfour.testscripts.Balfour_PoC_Demo_Scripts"/>
  <testcase name="TC_ClassRings_OrderPlacement" time="476.845" classname="com.Balfour.testscripts.Balfour_PoC_Demo_Scripts"/>
  <testcase name="TC_NewProducts_OrderPlacement" time="704.154" classname="com.Balfour.testscripts.Balfour_PoC_Demo_Scripts"/>
  <testcase name="TC_ClassApparels_OrderPlacement" time="784.159" classname="com.Balfour.testscripts.Balfour_PoC_Demo_Scripts"/>
  <testcase name="TC__Verify_AffinityWithStateName" time="183.463" classname="com.Balfour.testscripts.Balfour_PoC_Demo_Scripts"/>
  <testcase name="TC__Verify_AffinityWithSchoolName" time="461.899" classname="com.Balfour.testscripts.Balfour_PoC_Demo_Scripts"/>
  <testcase name="TC__Verify_AffinityWithCityName" time="630.369" classname="com.Balfour.testscripts.Balfour_PoC_Demo_Scripts"/>
  <testcase name="TC_LetterMan_OrderPlacement" time="1034.356" classname="com.Balfour.testscripts.Balfour_PoC_Demo_Scripts"/>
  <testcase name="TC__Verify_AffinityWithZipCode" time="352.66" classname="com.Balfour.testscripts.Balfour_PoC_Demo_Scripts"/>
  <testcase name="TC__Verify_Catalog_Page_Option" time="281.944" classname="com.Balfour.testscripts.Balfour_PoC_Demo_Scripts"/>
</testsuite> <!-- Balfour-test -->
