<?xml version="1.0" encoding="UTF-8"?>
<!-- Generated by org.testng.reporters.JUnitXMLReporter -->
<testsuite hostname="Aspire1698" ignored="84" name="Sheplers - Test (Desktop)" tests="1" failures="0" timestamp="28 Jul 2017 13:03:32 GMT" time="147.785" errors="0">
  <testcase name="@AfterMethod tearDown" time="3.775" classname="com.sheplers.support.TestLinkLogger">
    <failure type="utils.sheplers.testlink.TestLinkAPIException" message="The call to the xml-rpc client failed.
URL: https://testlink.ops.bootbarn.io/testlink/lib/api/xmlrpc/v1/xmlrpc.php
Method: tl.getProjects
Parameters:
    devKey=&amp;apos;94e7b9b7c6080e23c7a3393732042291&amp;apos;">
      <![CDATA[utils.sheplers.testlink.TestLinkAPIException: The call to the xml-rpc client failed.
URL: https://testlink.ops.bootbarn.io/testlink/lib/api/xmlrpc/v1/xmlrpc.php
Method: tl.getProjects
Parameters:
    devKey='94e7b9b7c6080e23c7a3393732042291'
	at utils.sheplers.testlink.TestLinkAPIClient.executeXmlRpcMethod(TestLinkAPIClient.java:1196)
	at utils.sheplers.testlink.TestLinkAPIClient.execXmlRpcMethodWithCache(TestLinkAPIClient.java:1125)
	at utils.sheplers.testlink.TestLinkAPIClient.getProjects(TestLinkAPIClient.java:680)
	at utils.sheplers.testlink.TestLinkAPIHelper.getProjectInfo(TestLinkAPIHelper.java:51)
	at utils.sheplers.testlink.TestLinkAPIHelper.getProjectID(TestLinkAPIHelper.java:35)
	at utils.sheplers.testlink.TestLinkAPIClient.reportTestCaseResult(TestLinkAPIClient.java:153)
	at com.sheplers.support.TestLinkLogger.tearDown(TestLinkLogger.java:33)
	at sun.reflect.NativeMethodAccessorImpl.invoke0(Native Method)
	at sun.reflect.NativeMethodAccessorImpl.invoke(Unknown Source)
	at sun.reflect.DelegatingMethodAccessorImpl.invoke(Unknown Source)
	at java.lang.reflect.Method.invoke(Unknown Source)
	at org.testng.internal.MethodInvocationHelper.invokeMethod(MethodInvocationHelper.java:108)
	at org.testng.internal.Invoker.invokeConfigurationMethod(Invoker.java:523)
	at org.testng.internal.Invoker.invokeConfigurations(Invoker.java:224)
	at org.testng.internal.Invoker.invokeMethod(Invoker.java:723)
	at org.testng.internal.Invoker.invokeTestMethod(Invoker.java:869)
	at org.testng.internal.TestMethodWithDataProviderMethodWorker.call(TestMethodWithDataProviderMethodWorker.java:75)
	at org.testng.internal.TestMethodWithDataProviderMethodWorker.call(TestMethodWithDataProviderMethodWorker.java:14)
	at java.util.concurrent.FutureTask.run(Unknown Source)
	at java.util.concurrent.Executors$RunnableAdapter.call(Unknown Source)
	at java.util.concurrent.FutureTask.run(Unknown Source)
	at java.util.concurrent.ThreadPoolExecutor.runWorker(Unknown Source)
	at java.util.concurrent.ThreadPoolExecutor$Worker.run(Unknown Source)
	at java.lang.Thread.run(Unknown Source)
Caused by: org.apache.xmlrpc.client.XmlRpcHttpTransportException: HTTP server returned unexpected status: Not Found
	at org.apache.xmlrpc.client.XmlRpcSunHttpTransport.getInputStream(XmlRpcSunHttpTransport.java:94)
	at org.apache.xmlrpc.client.XmlRpcStreamTransport.sendRequest(XmlRpcStreamTransport.java:152)
	at org.apache.xmlrpc.client.XmlRpcHttpTransport.sendRequest(XmlRpcHttpTransport.java:143)
	at org.apache.xmlrpc.client.XmlRpcSunHttpTransport.sendRequest(XmlRpcSunHttpTransport.java:69)
	at org.apache.xmlrpc.client.XmlRpcClientWorker.execute(XmlRpcClientWorker.java:56)
	at org.apache.xmlrpc.client.XmlRpcClient.execute(XmlRpcClient.java:167)
	at org.apache.xmlrpc.client.XmlRpcClient.execute(XmlRpcClient.java:158)
	at org.apache.xmlrpc.client.XmlRpcClient.execute(XmlRpcClient.java:147)
	at utils.sheplers.testlink.TestLinkAPIClient.executeXmlRpcMethod(TestLinkAPIClient.java:1151)
	... 23 more
]]>
    </failure>
  </testcase> <!-- @AfterMethod tearDown -->
  <testcase name="TC_SHEPLERS_OP_076" time="139.353" classname="com.sheplers.testscripts.cartcheckoutsection.OrderPlacement"/>
  <testcase name="TC_SHEPLERS_OP_071" time="0.0" classname="com.sheplers.testscripts.cartcheckoutsection.OrderPlacement">
    <ignored/>
  </testcase> <!-- TC_SHEPLERS_OP_071 -->
  <testcase name="TC_SHEPLERS_OP_032" time="0.0" classname="com.sheplers.testscripts.cartcheckoutsection.OrderPlacement">
    <ignored/>
  </testcase> <!-- TC_SHEPLERS_OP_032 -->
  <testcase name="TC_SHEPLERS_OP_073" time="0.0" classname="com.sheplers.testscripts.cartcheckoutsection.OrderPlacement">
    <ignored/>
  </testcase> <!-- TC_SHEPLERS_OP_073 -->
  <testcase name="TC_SHEPLERS_OP_070" time="0.0" classname="com.sheplers.testscripts.cartcheckoutsection.OrderPlacement">
    <ignored/>
  </testcase> <!-- TC_SHEPLERS_OP_070 -->
  <testcase name="TC_SHEPLERS_OP_031" time="0.0" classname="com.sheplers.testscripts.cartcheckoutsection.OrderPlacement">
    <ignored/>
  </testcase> <!-- TC_SHEPLERS_OP_031 -->
  <testcase name="TC_SHEPLERS_OP_075" time="0.0" classname="com.sheplers.testscripts.cartcheckoutsection.OrderPlacement">
    <ignored/>
  </testcase> <!-- TC_SHEPLERS_OP_075 -->
  <testcase name="TC_SHEPLERS_OP_077" time="0.0" classname="com.sheplers.testscripts.cartcheckoutsection.OrderPlacement">
    <ignored/>
  </testcase> <!-- TC_SHEPLERS_OP_077 -->
  <testcase name="TC_SHEPLERS_OP_033" time="0.0" classname="com.sheplers.testscripts.cartcheckoutsection.OrderPlacement">
    <ignored/>
  </testcase> <!-- TC_SHEPLERS_OP_033 -->
  <testcase name="TC_SHEPLERS_OP_030" time="0.0" classname="com.sheplers.testscripts.cartcheckoutsection.OrderPlacement">
    <ignored/>
  </testcase> <!-- TC_SHEPLERS_OP_030 -->
  <testcase name="TC_SHEPLERS_OP_074" time="0.0" classname="com.sheplers.testscripts.cartcheckoutsection.OrderPlacement">
    <ignored/>
  </testcase> <!-- TC_SHEPLERS_OP_074 -->
  <testcase name="TC_SHEPLERS_OP_035" time="0.0" classname="com.sheplers.testscripts.cartcheckoutsection.OrderPlacement">
    <ignored/>
  </testcase> <!-- TC_SHEPLERS_OP_035 -->
  <testcase name="TC_SHEPLERS_OP_079" time="0.0" classname="com.sheplers.testscripts.cartcheckoutsection.OrderPlacement">
    <ignored/>
  </testcase> <!-- TC_SHEPLERS_OP_079 -->
  <testcase name="TC_SHEPLERS_OP_037" time="0.0" classname="com.sheplers.testscripts.cartcheckoutsection.OrderPlacement">
    <ignored/>
  </testcase> <!-- TC_SHEPLERS_OP_037 -->
  <testcase name="TC_SHEPLERS_OP_034" time="0.0" classname="com.sheplers.testscripts.cartcheckoutsection.OrderPlacement">
    <ignored/>
  </testcase> <!-- TC_SHEPLERS_OP_034 -->
  <testcase name="TC_SHEPLERS_OP_078" time="0.0" classname="com.sheplers.testscripts.cartcheckoutsection.OrderPlacement">
    <ignored/>
  </testcase> <!-- TC_SHEPLERS_OP_078 -->
  <testcase name="TC_SHEPLERS_OP_039" time="0.0" classname="com.sheplers.testscripts.cartcheckoutsection.OrderPlacement">
    <ignored/>
  </testcase> <!-- TC_SHEPLERS_OP_039 -->
  <testcase name="TC_SHEPLERS_OP_072" time="0.0" classname="com.sheplers.testscripts.cartcheckoutsection.OrderPlacement">
    <ignored/>
  </testcase> <!-- TC_SHEPLERS_OP_072 -->
  <testcase name="TC_SHEPLERS_OP_038" time="0.0" classname="com.sheplers.testscripts.cartcheckoutsection.OrderPlacement">
    <ignored/>
  </testcase> <!-- TC_SHEPLERS_OP_038 -->
  <testcase name="TC_SHEPLERS_OP_036" time="0.0" classname="com.sheplers.testscripts.cartcheckoutsection.OrderPlacement">
    <ignored/>
  </testcase> <!-- TC_SHEPLERS_OP_036 -->
  <testcase name="TC_SHEPLERS_OP_080" time="0.0" classname="com.sheplers.testscripts.cartcheckoutsection.OrderPlacement">
    <ignored/>
  </testcase> <!-- TC_SHEPLERS_OP_080 -->
  <testcase name="TC_SHEPLERS_OP_082" time="0.0" classname="com.sheplers.testscripts.cartcheckoutsection.OrderPlacement">
    <ignored/>
  </testcase> <!-- TC_SHEPLERS_OP_082 -->
  <testcase name="TC_SHEPLERS_OP_043" time="0.0" classname="com.sheplers.testscripts.cartcheckoutsection.OrderPlacement">
    <ignored/>
  </testcase> <!-- TC_SHEPLERS_OP_043 -->
  <testcase name="TC_SHEPLERS_OP_084" time="0.0" classname="com.sheplers.testscripts.cartcheckoutsection.OrderPlacement">
    <ignored/>
  </testcase> <!-- TC_SHEPLERS_OP_084 -->
  <testcase name="TC_SHEPLERS_OP_040" time="0.0" classname="com.sheplers.testscripts.cartcheckoutsection.OrderPlacement">
    <ignored/>
  </testcase> <!-- TC_SHEPLERS_OP_040 -->
  <testcase name="TC_SHEPLERS_OP_081" time="0.0" classname="com.sheplers.testscripts.cartcheckoutsection.OrderPlacement">
    <ignored/>
  </testcase> <!-- TC_SHEPLERS_OP_081 -->
  <testcase name="TC_SHEPLERS_OP_042" time="0.0" classname="com.sheplers.testscripts.cartcheckoutsection.OrderPlacement">
    <ignored/>
  </testcase> <!-- TC_SHEPLERS_OP_042 -->
  <testcase name="TC_SHEPLERS_OP_044" time="0.0" classname="com.sheplers.testscripts.cartcheckoutsection.OrderPlacement">
    <ignored/>
  </testcase> <!-- TC_SHEPLERS_OP_044 -->
  <testcase name="TC_SHEPLERS_OP_085" time="0.0" classname="com.sheplers.testscripts.cartcheckoutsection.OrderPlacement">
    <ignored/>
  </testcase> <!-- TC_SHEPLERS_OP_085 -->
  <testcase name="TC_SHEPLERS_OP_041" time="0.0" classname="com.sheplers.testscripts.cartcheckoutsection.OrderPlacement">
    <ignored/>
  </testcase> <!-- TC_SHEPLERS_OP_041 -->
  <testcase name="TC_SHEPLERS_OP_046" time="0.0" classname="com.sheplers.testscripts.cartcheckoutsection.OrderPlacement">
    <ignored/>
  </testcase> <!-- TC_SHEPLERS_OP_046 -->
  <testcase name="TC_SHEPLERS_OP_002" time="0.0" classname="com.sheplers.testscripts.cartcheckoutsection.OrderPlacement">
    <ignored/>
  </testcase> <!-- TC_SHEPLERS_OP_002 -->
  <testcase name="TC_SHEPLERS_OP_007" time="0.0" classname="com.sheplers.testscripts.cartcheckoutsection.OrderPlacement">
    <ignored/>
  </testcase> <!-- TC_SHEPLERS_OP_007 -->
  <testcase name="TC_SHEPLERS_OP_004" time="0.0" classname="com.sheplers.testscripts.cartcheckoutsection.OrderPlacement">
    <ignored/>
  </testcase> <!-- TC_SHEPLERS_OP_004 -->
  <testcase name="TC_SHEPLERS_OP_048" time="0.0" classname="com.sheplers.testscripts.cartcheckoutsection.OrderPlacement">
    <ignored/>
  </testcase> <!-- TC_SHEPLERS_OP_048 -->
  <testcase name="TC_SHEPLERS_OP_001" time="0.0" classname="com.sheplers.testscripts.cartcheckoutsection.OrderPlacement">
    <ignored/>
  </testcase> <!-- TC_SHEPLERS_OP_001 -->
  <testcase name="TC_SHEPLERS_OP_045" time="0.0" classname="com.sheplers.testscripts.cartcheckoutsection.OrderPlacement">
    <ignored/>
  </testcase> <!-- TC_SHEPLERS_OP_045 -->
  <testcase name="TC_SHEPLERS_OP_006" time="0.0" classname="com.sheplers.testscripts.cartcheckoutsection.OrderPlacement">
    <ignored/>
  </testcase> <!-- TC_SHEPLERS_OP_006 -->
  <testcase name="TC_SHEPLERS_OP_083" time="0.0" classname="com.sheplers.testscripts.cartcheckoutsection.OrderPlacement">
    <ignored/>
  </testcase> <!-- TC_SHEPLERS_OP_083 -->
  <testcase name="TC_SHEPLERS_OP_008" time="0.0" classname="com.sheplers.testscripts.cartcheckoutsection.OrderPlacement">
    <ignored/>
  </testcase> <!-- TC_SHEPLERS_OP_008 -->
  <testcase name="TC_SHEPLERS_OP_005" time="0.0" classname="com.sheplers.testscripts.cartcheckoutsection.OrderPlacement">
    <ignored/>
  </testcase> <!-- TC_SHEPLERS_OP_005 -->
  <testcase name="TC_SHEPLERS_OP_049" time="0.0" classname="com.sheplers.testscripts.cartcheckoutsection.OrderPlacement">
    <ignored/>
  </testcase> <!-- TC_SHEPLERS_OP_049 -->
  <testcase name="TC_SHEPLERS_OP_009" time="0.0" classname="com.sheplers.testscripts.cartcheckoutsection.OrderPlacement">
    <ignored/>
  </testcase> <!-- TC_SHEPLERS_OP_009 -->
  <testcase name="TC_SHEPLERS_OP_047" time="0.0" classname="com.sheplers.testscripts.cartcheckoutsection.OrderPlacement">
    <ignored/>
  </testcase> <!-- TC_SHEPLERS_OP_047 -->
  <testcase name="TC_SHEPLERS_OP_003" time="0.0" classname="com.sheplers.testscripts.cartcheckoutsection.OrderPlacement">
    <ignored/>
  </testcase> <!-- TC_SHEPLERS_OP_003 -->
  <testcase name="TC_SHEPLERS_OP_010" time="0.0" classname="com.sheplers.testscripts.cartcheckoutsection.OrderPlacement">
    <ignored/>
  </testcase> <!-- TC_SHEPLERS_OP_010 -->
  <testcase name="TC_SHEPLERS_OP_054" time="0.0" classname="com.sheplers.testscripts.cartcheckoutsection.OrderPlacement">
    <ignored/>
  </testcase> <!-- TC_SHEPLERS_OP_054 -->
  <testcase name="TC_SHEPLERS_OP_051" time="0.0" classname="com.sheplers.testscripts.cartcheckoutsection.OrderPlacement">
    <ignored/>
  </testcase> <!-- TC_SHEPLERS_OP_051 -->
  <testcase name="TC_SHEPLERS_OP_053" time="0.0" classname="com.sheplers.testscripts.cartcheckoutsection.OrderPlacement">
    <ignored/>
  </testcase> <!-- TC_SHEPLERS_OP_053 -->
  <testcase name="TC_SHEPLERS_OP_055" time="0.0" classname="com.sheplers.testscripts.cartcheckoutsection.OrderPlacement">
    <ignored/>
  </testcase> <!-- TC_SHEPLERS_OP_055 -->
  <testcase name="TC_SHEPLERS_OP_011" time="0.0" classname="com.sheplers.testscripts.cartcheckoutsection.OrderPlacement">
    <ignored/>
  </testcase> <!-- TC_SHEPLERS_OP_011 -->
  <testcase name="TC_SHEPLERS_OP_052" time="0.0" classname="com.sheplers.testscripts.cartcheckoutsection.OrderPlacement">
    <ignored/>
  </testcase> <!-- TC_SHEPLERS_OP_052 -->
  <testcase name="TC_SHEPLERS_OP_013" time="0.0" classname="com.sheplers.testscripts.cartcheckoutsection.OrderPlacement">
    <ignored/>
  </testcase> <!-- TC_SHEPLERS_OP_013 -->
  <testcase name="TC_SHEPLERS_OP_057" time="0.0" classname="com.sheplers.testscripts.cartcheckoutsection.OrderPlacement">
    <ignored/>
  </testcase> <!-- TC_SHEPLERS_OP_057 -->
  <testcase name="TC_SHEPLERS_OP_018" time="0.0" classname="com.sheplers.testscripts.cartcheckoutsection.OrderPlacement">
    <ignored/>
  </testcase> <!-- TC_SHEPLERS_OP_018 -->
  <testcase name="TC_SHEPLERS_OP_059" time="0.0" classname="com.sheplers.testscripts.cartcheckoutsection.OrderPlacement">
    <ignored/>
  </testcase> <!-- TC_SHEPLERS_OP_059 -->
  <testcase name="TC_SHEPLERS_OP_015" time="0.0" classname="com.sheplers.testscripts.cartcheckoutsection.OrderPlacement">
    <ignored/>
  </testcase> <!-- TC_SHEPLERS_OP_015 -->
  <testcase name="TC_SHEPLERS_OP_012" time="0.0" classname="com.sheplers.testscripts.cartcheckoutsection.OrderPlacement">
    <ignored/>
  </testcase> <!-- TC_SHEPLERS_OP_012 -->
  <testcase name="TC_SHEPLERS_OP_056" time="0.0" classname="com.sheplers.testscripts.cartcheckoutsection.OrderPlacement">
    <ignored/>
  </testcase> <!-- TC_SHEPLERS_OP_056 -->
  <testcase name="TC_SHEPLERS_OP_017" time="0.0" classname="com.sheplers.testscripts.cartcheckoutsection.OrderPlacement">
    <ignored/>
  </testcase> <!-- TC_SHEPLERS_OP_017 -->
  <testcase name="TC_SHEPLERS_OP_050" time="0.0" classname="com.sheplers.testscripts.cartcheckoutsection.OrderPlacement">
    <ignored/>
  </testcase> <!-- TC_SHEPLERS_OP_050 -->
  <testcase name="TC_SHEPLERS_OP_019" time="0.0" classname="com.sheplers.testscripts.cartcheckoutsection.OrderPlacement">
    <ignored/>
  </testcase> <!-- TC_SHEPLERS_OP_019 -->
  <testcase name="TC_SHEPLERS_OP_016" time="0.0" classname="com.sheplers.testscripts.cartcheckoutsection.OrderPlacement">
    <ignored/>
  </testcase> <!-- TC_SHEPLERS_OP_016 -->
  <testcase name="TC_SHEPLERS_OP_058" time="0.0" classname="com.sheplers.testscripts.cartcheckoutsection.OrderPlacement">
    <ignored/>
  </testcase> <!-- TC_SHEPLERS_OP_058 -->
  <testcase name="TC_SHEPLERS_OP_014" time="0.0" classname="com.sheplers.testscripts.cartcheckoutsection.OrderPlacement">
    <ignored/>
  </testcase> <!-- TC_SHEPLERS_OP_014 -->
  <testcase name="TC_SHEPLERS_OP_060" time="0.0" classname="com.sheplers.testscripts.cartcheckoutsection.OrderPlacement">
    <ignored/>
  </testcase> <!-- TC_SHEPLERS_OP_060 -->
  <testcase name="TC_SHEPLERS_OP_065" time="0.0" classname="com.sheplers.testscripts.cartcheckoutsection.OrderPlacement">
    <ignored/>
  </testcase> <!-- TC_SHEPLERS_OP_065 -->
  <testcase name="TC_SHEPLERS_OP_021" time="0.0" classname="com.sheplers.testscripts.cartcheckoutsection.OrderPlacement">
    <ignored/>
  </testcase> <!-- TC_SHEPLERS_OP_021 -->
  <testcase name="TC_SHEPLERS_OP_062" time="0.0" classname="com.sheplers.testscripts.cartcheckoutsection.OrderPlacement">
    <ignored/>
  </testcase> <!-- TC_SHEPLERS_OP_062 -->
  <testcase name="TC_SHEPLERS_OP_064" time="0.0" classname="com.sheplers.testscripts.cartcheckoutsection.OrderPlacement">
    <ignored/>
  </testcase> <!-- TC_SHEPLERS_OP_064 -->
  <testcase name="TC_SHEPLERS_OP_020" time="0.0" classname="com.sheplers.testscripts.cartcheckoutsection.OrderPlacement">
    <ignored/>
  </testcase> <!-- TC_SHEPLERS_OP_020 -->
  <testcase name="TC_SHEPLERS_OP_022" time="0.0" classname="com.sheplers.testscripts.cartcheckoutsection.OrderPlacement">
    <ignored/>
  </testcase> <!-- TC_SHEPLERS_OP_022 -->
  <testcase name="TC_SHEPLERS_OP_066" time="0.0" classname="com.sheplers.testscripts.cartcheckoutsection.OrderPlacement">
    <ignored/>
  </testcase> <!-- TC_SHEPLERS_OP_066 -->
  <testcase name="TC_SHEPLERS_OP_063" time="0.0" classname="com.sheplers.testscripts.cartcheckoutsection.OrderPlacement">
    <ignored/>
  </testcase> <!-- TC_SHEPLERS_OP_063 -->
  <testcase name="TC_SHEPLERS_OP_068" time="0.0" classname="com.sheplers.testscripts.cartcheckoutsection.OrderPlacement">
    <ignored/>
  </testcase> <!-- TC_SHEPLERS_OP_068 -->
  <testcase name="TC_SHEPLERS_OP_024" time="0.0" classname="com.sheplers.testscripts.cartcheckoutsection.OrderPlacement">
    <ignored/>
  </testcase> <!-- TC_SHEPLERS_OP_024 -->
  <testcase name="TC_SHEPLERS_OP_029" time="0.0" classname="com.sheplers.testscripts.cartcheckoutsection.OrderPlacement">
    <ignored/>
  </testcase> <!-- TC_SHEPLERS_OP_029 -->
  <testcase name="TC_SHEPLERS_OP_026" time="0.0" classname="com.sheplers.testscripts.cartcheckoutsection.OrderPlacement">
    <ignored/>
  </testcase> <!-- TC_SHEPLERS_OP_026 -->
  <testcase name="TC_SHEPLERS_OP_023" time="0.0" classname="com.sheplers.testscripts.cartcheckoutsection.OrderPlacement">
    <ignored/>
  </testcase> <!-- TC_SHEPLERS_OP_023 -->
  <testcase name="TC_SHEPLERS_OP_067" time="0.0" classname="com.sheplers.testscripts.cartcheckoutsection.OrderPlacement">
    <ignored/>
  </testcase> <!-- TC_SHEPLERS_OP_067 -->
  <testcase name="TC_SHEPLERS_OP_028" time="0.0" classname="com.sheplers.testscripts.cartcheckoutsection.OrderPlacement">
    <ignored/>
  </testcase> <!-- TC_SHEPLERS_OP_028 -->
  <testcase name="TC_SHEPLERS_OP_061" time="0.0" classname="com.sheplers.testscripts.cartcheckoutsection.OrderPlacement">
    <ignored/>
  </testcase> <!-- TC_SHEPLERS_OP_061 -->
  <testcase name="TC_SHEPLERS_OP_027" time="0.0" classname="com.sheplers.testscripts.cartcheckoutsection.OrderPlacement">
    <ignored/>
  </testcase> <!-- TC_SHEPLERS_OP_027 -->
  <testcase name="TC_SHEPLERS_OP_069" time="0.0" classname="com.sheplers.testscripts.cartcheckoutsection.OrderPlacement">
    <ignored/>
  </testcase> <!-- TC_SHEPLERS_OP_069 -->
  <testcase name="TC_SHEPLERS_OP_025" time="0.0" classname="com.sheplers.testscripts.cartcheckoutsection.OrderPlacement">
    <ignored/>
  </testcase> <!-- TC_SHEPLERS_OP_025 -->
</testsuite> <!-- Sheplers - Test (Desktop) -->
